2025-02-25 13:52:06 - [main] - c.b.S.SpringMysqlApplication - Starting SpringMysqlApplication using Java 23.0.1 with PID 4260 (E:\Capg\Spring_mysql\target\classes started by anand in E:\Capg\Spring_mysql)
2025-02-25 13:52:06 - [main] - c.b.S.SpringMysqlApplication - Running with Spring Boot v3.4.3, Spring v6.2.3
2025-02-25 13:52:06 - [main] - c.b.S.SpringMysqlApplication - The following 1 profile is active: "mysql"
2025-02-25 13:52:07 - [main] - o.s.d.r.c.RepositoryConfigurationDelegate - Bootstrapping Spring Data JPA repositories in DEFAULT mode.
2025-02-25 13:52:07 - [main] - o.s.d.r.c.RepositoryConfigurationDelegate - Finished Spring Data repository scanning in 42 ms. Found 1 JPA repository interface.
2025-02-25 13:52:08 - [main] - o.s.b.w.e.tomcat.TomcatWebServer - Tomcat initialized with port 8080 (http)
2025-02-25 13:52:08 - [main] - o.a.catalina.core.StandardService - Starting service [Tomcat]
2025-02-25 13:52:08 - [main] - o.a.catalina.core.StandardEngine - Starting Servlet engine: [Apache Tomcat/10.1.36]
2025-02-25 13:52:08 - [main] - o.a.c.c.C.[Tomcat].[localhost].[/] - Initializing Spring embedded WebApplicationContext
2025-02-25 13:52:08 - [main] - o.s.b.w.s.c.ServletWebServerApplicationContext - Root WebApplicationContext: initialization completed in 1352 ms
2025-02-25 13:52:08 - [main] - o.h.jpa.internal.util.LogHelper - HHH000204: Processing PersistenceUnitInfo [name: default]
2025-02-25 13:52:08 - [main] - org.hibernate.Version - HHH000412: Hibernate ORM core version 6.6.8.Final
2025-02-25 13:52:08 - [main] - o.h.c.i.RegionFactoryInitiator - HHH000026: Second-level cache disabled
2025-02-25 13:52:08 - [main] - o.s.o.j.p.SpringPersistenceUnitInfo - No LoadTimeWeaver setup: ignoring JPA class transformer
2025-02-25 13:52:09 - [main] - com.zaxxer.hikari.HikariDataSource - HikariPool-1 - Starting...
2025-02-25 13:52:09 - [main] - com.zaxxer.hikari.pool.HikariPool - HikariPool-1 - Added connection com.mysql.cj.jdbc.ConnectionImpl@27438750
2025-02-25 13:52:09 - [main] - com.zaxxer.hikari.HikariDataSource - HikariPool-1 - Start completed.
2025-02-25 13:52:09 - [main] - org.hibernate.orm.deprecation - HHH90000025: MySQL8Dialect does not need to be specified explicitly using 'hibernate.dialect' (remove the property setting and it will be selected by default)
2025-02-25 13:52:09 - [main] - org.hibernate.orm.deprecation - HHH90000026: MySQL8Dialect has been deprecated; use org.hibernate.dialect.MySQLDialect instead
2025-02-25 13:52:09 - [main] - o.hibernate.orm.connections.pooling - HHH10001005: Database info:
	Database JDBC URL [Connecting through datasource 'HikariDataSource (HikariPool-1)']
	Database driver: undefined/unknown
	Database version: 8.0
	Autocommit mode: undefined/unknown
	Isolation level: undefined/unknown
	Minimum pool size: undefined/unknown
	Maximum pool size: undefined/unknown
2025-02-25 13:52:10 - [main] - o.h.e.t.j.p.i.JtaPlatformInitiator - HHH000489: No JTA platform available (set 'hibernate.transaction.jta.platform' to enable JTA platform integration)
2025-02-25 13:52:10 - [main] - o.s.o.j.LocalContainerEntityManagerFactoryBean - Initialized JPA EntityManagerFactory for persistence unit 'default'
2025-02-25 13:52:10 - [main] - o.s.b.a.o.j.JpaBaseConfiguration$JpaWebConfiguration - spring.jpa.open-in-view is enabled by default. Therefore, database queries may be performed during view rendering. Explicitly configure spring.jpa.open-in-view to disable this warning
2025-02-25 13:52:11 - [main] - o.s.b.w.e.tomcat.TomcatWebServer - Tomcat started on port 8080 (http) with context path '/'
2025-02-25 13:52:11 - [main] - c.b.S.SpringMysqlApplication - Started SpringMysqlApplication in 4.583 seconds (process running for 4.963)
2025-02-25 13:52:28 - [SpringApplicationShutdownHook] - o.s.b.w.e.tomcat.GracefulShutdown - Commencing graceful shutdown. Waiting for active requests to complete
2025-02-25 13:52:28 - [tomcat-shutdown] - o.s.b.w.e.tomcat.GracefulShutdown - Graceful shutdown complete
2025-02-25 13:52:28 - [SpringApplicationShutdownHook] - o.s.o.j.LocalContainerEntityManagerFactoryBean - Closing JPA EntityManagerFactory for persistence unit 'default'
2025-02-25 13:52:28 - [SpringApplicationShutdownHook] - com.zaxxer.hikari.HikariDataSource - HikariPool-1 - Shutdown initiated...
2025-02-25 13:52:28 - [SpringApplicationShutdownHook] - com.zaxxer.hikari.HikariDataSource - HikariPool-1 - Shutdown completed.
